<?xml version="1.0" encoding="UTF-8"?>
<!-- Generated by org.testng.reporters.JUnitXMLReporter -->
<testsuite hostname="DESKTOP-27HB9NG" ignored="0" name="Default test" tests="6" failures="0" timestamp="17 Apr 2020 23:09:03 GMT" time="0.152" errors="0">
  <testcase name="LoginviaEmail" time="0.028" classname="tests.LoginTest"/>
  <testcase name="LoginviaTwitter" time="0.005" classname="tests.LoginTest"/>
  <testcase name="Loginviafacebook" time="0.027" classname="tests.LoginTest"/>
  <testcase name="SignUpviaEmail" time="0.009" classname="tests.SiginUpTest"/>
  <testcase name="SignUpviaTwitter" time="0.012" classname="tests.SiginUpTest"/>
  <testcase name="SignUpviafacebook" time="0.005" classname="tests.SiginUpTest"/>
</testsuite> <!-- Default test -->
