<?xml version="1.0" encoding="UTF-8"?>
<!-- Generated by org.testng.reporters.JUnitXMLReporter -->
<testsuite hostname="DESKTOP-27HB9NG" ignored="0" name="BatchTest" tests="6" failures="0" timestamp="17 Apr 2020 23:16:10 GMT" time="0.082" errors="0">
  <testcase name="SignUpviaEmail" time="0.013" classname="tests.SiginUpTest"/>
  <testcase name="SignUpviaTwitter" time="0.002" classname="tests.SiginUpTest"/>
  <testcase name="SignUpviafacebook" time="0.001" classname="tests.SiginUpTest"/>
  <testcase name="LoginviaEmail" time="0.002" classname="tests.LoginTest"/>
  <testcase name="LoginviaTwitter" time="0.002" classname="tests.LoginTest"/>
  <testcase name="Loginviafacebook" time="0.002" classname="tests.LoginTest"/>
</testsuite> <!-- BatchTest -->
