<?xml version="1.0" encoding="UTF-8"?>
<!-- Generated by org.testng.reporters.JUnitXMLReporter -->
<testsuite hostname="DESKTOP-27HB9NG" ignored="0" name="Command line test" tests="6" failures="0" timestamp="19 Apr 2020 00:19:05 GMT" time="0.057" errors="0">
  <testcase name="LoginviaEmail" time="0.001" classname="tests.LoginTest"/>
  <testcase name="LoginviaTwitter" time="0.002" classname="tests.LoginTest"/>
  <testcase name="Loginviafacebook" time="0.0" classname="tests.LoginTest"/>
  <testcase name="SignUpviaEmail" time="0.0" classname="tests.SiginUpTest"/>
  <testcase name="SignUpviaTwitter" time="0.0" classname="tests.SiginUpTest"/>
  <testcase name="SignUpviafacebook" time="0.0" classname="tests.SiginUpTest"/>
</testsuite> <!-- Command line test -->
